<?xml version="1.0" encoding="UTF-8"?>
<!-- Generated by org.testng.reporters.JUnitXMLReporter -->
<testsuite hostname="asaini.local" ignored="0" name="Test" tests="1" failures="1" timestamp="11 Feb 2019 19:31:59 GMT" time="0.488" errors="0">
  <testcase name="AutomateSelfHelp" time="0.462" classname="whatfix.SelfHelpautomation.TestCases.LoginPageSelfHelpTag_TC001">
    <failure type="java.lang.IllegalStateException" message="The driver is not executable: /Users/akshaykumarsaini/Downloads/SelfHelpautomation/drivers/chromedriver">
      <![CDATA[java.lang.IllegalStateException: The driver is not executable: /Users/akshaykumarsaini/Downloads/SelfHelpautomation/drivers/chromedriver
at com.google.common.base.Preconditions.checkState(Preconditions.java:518)
at org.openqa.selenium.remote.service.DriverService.checkExecutable(DriverService.java:127)
at org.openqa.selenium.remote.service.DriverService.findExecutable(DriverService.java:118)
at org.openqa.selenium.chrome.ChromeDriverService.access$000(ChromeDriverService.java:32)
at org.openqa.selenium.chrome.ChromeDriverService$Builder.findDefaultExecutable(ChromeDriverService.java:137)
at org.openqa.selenium.remote.service.DriverService$Builder.build(DriverService.java:302)
at org.openqa.selenium.chrome.ChromeDriverService.createDefaultService(ChromeDriverService.java:88)
at org.openqa.selenium.chrome.ChromeDriver.<init>(ChromeDriver.java:146)
at whatfix.SelfHelpautomation.component.start_Exit_browser.startbrowser(start_Exit_browser.java:33)
at whatfix.SelfHelpautomation.TestCases.LoginPageSelfHelpTag_TC001.AutomateSelfHelp(LoginPageSelfHelpTag_TC001.java:37)
... Removed 25 stack frames]]>
    </failure>
  </testcase> <!-- AutomateSelfHelp -->
</testsuite> <!-- Test -->
